--------------------------------------------------------------------------------
CPU name:	Intel(R) Xeon(R) CPU E5-2670 0 @ 2.60GHz
CPU type:	Intel Xeon SandyBridge EN/EP processor
CPU clock:	2.59 GHz
--------------------------------------------------------------------------------
EG clássico:
0.003868 ms
1.311005 2.244019 1.665072 3.416268
0.000000 -0.750000 -1.800000 -0.750000

GS clássico [ 7 iterações ]:
0.001902 ms
1.402860 2.611476 2.293059 3.760765
-0.000036 -0.000014 -0.000004 0.000000

EG 3-diagonal:
0.000382 ms
1.402871 2.611483 2.293062 3.760766
0.000000 -0.750000 -2.000000 -1.285714

GS 3-diagonal [ 7 iterações ]:
0.001590 ms
1.501115 3.004503 3.016914 4.263157
-0.000042 -0.000017 -0.000004 0.000000
--------------------------------------------------------------------------------
Region EG_Clássico, Group 1: FLOPS_DP
+-------------------+----------+
|    Region Info    |  Core 8  |
+-------------------+----------+
| RDTSC Runtime [s] | 0.000006 |
|     call count    |        1 |
+-------------------+----------+

+--------------------------------------+---------+--------+
|                 Event                | Counter | Core 8 |
+--------------------------------------+---------+--------+
|           INSTR_RETIRED_ANY          |  FIXC0  |   7304 |
|         CPU_CLK_UNHALTED_CORE        |  FIXC1  |  24977 |
|         CPU_CLK_UNHALTED_REF         |  FIXC2  |  24960 |
| FP_COMP_OPS_EXE_SSE_FP_PACKED_DOUBLE |   PMC0  |      0 |
| FP_COMP_OPS_EXE_SSE_FP_SCALAR_DOUBLE |   PMC1  |    110 |
|       SIMD_FP_256_PACKED_DOUBLE      |   PMC2  |      0 |
+--------------------------------------+---------+--------+

+----------------------+--------------+
|        Metric        |    Core 8    |
+----------------------+--------------+
|  Runtime (RDTSC) [s] | 5.939541e-06 |
| Runtime unhalted [s] | 9.629927e-06 |
|      Clock [MHz]     |    2595.4518 |
|          CPI         |       3.4196 |
|      DP MFLOP/s      |      18.5199 |
|    AVX DP MFLOP/s    |            0 |
|    Packed MUOPS/s    |            0 |
|    Scalar MUOPS/s    |      18.5199 |
|  Vectorization ratio |            0 |
+----------------------+--------------+

Region GS_Clássico, Group 1: FLOPS_DP
+-------------------+----------+
|    Region Info    |  Core 8  |
+-------------------+----------+
| RDTSC Runtime [s] | 0.000002 |
|     call count    |        1 |
+-------------------+----------+

+--------------------------------------+---------+--------+
|                 Event                | Counter | Core 8 |
+--------------------------------------+---------+--------+
|           INSTR_RETIRED_ANY          |  FIXC0  |  10261 |
|         CPU_CLK_UNHALTED_CORE        |  FIXC1  |  16268 |
|         CPU_CLK_UNHALTED_REF         |  FIXC2  |  16328 |
| FP_COMP_OPS_EXE_SSE_FP_PACKED_DOUBLE |   PMC0  |      0 |
| FP_COMP_OPS_EXE_SSE_FP_SCALAR_DOUBLE |   PMC1  |    369 |
|       SIMD_FP_256_PACKED_DOUBLE      |   PMC2  |      0 |
+--------------------------------------+---------+--------+

+----------------------+--------------+
|        Metric        |    Core 8    |
+----------------------+--------------+
|  Runtime (RDTSC) [s] | 2.225834e-06 |
| Runtime unhalted [s] | 6.272157e-06 |
|      Clock [MHz]     |    2584.1543 |
|          CPI         |       1.5854 |
|      DP MFLOP/s      |     165.7806 |
|    AVX DP MFLOP/s    |            0 |
|    Packed MUOPS/s    |            0 |
|    Scalar MUOPS/s    |     165.7806 |
|  Vectorization ratio |            0 |
+----------------------+--------------+

Region EG_3-Diagonal, Group 1: FLOPS_DP
+-------------------+----------+
|    Region Info    |  Core 8  |
+-------------------+----------+
| RDTSC Runtime [s] | 0.000001 |
|     call count    |        1 |
+-------------------+----------+

+--------------------------------------+---------+--------+
|                 Event                | Counter | Core 8 |
+--------------------------------------+---------+--------+
|           INSTR_RETIRED_ANY          |  FIXC0  |   4641 |
|         CPU_CLK_UNHALTED_CORE        |  FIXC1  |  12454 |
|         CPU_CLK_UNHALTED_REF         |  FIXC2  |  12506 |
| FP_COMP_OPS_EXE_SSE_FP_PACKED_DOUBLE |   PMC0  |      0 |
| FP_COMP_OPS_EXE_SSE_FP_SCALAR_DOUBLE |   PMC1  |     48 |
|       SIMD_FP_256_PACKED_DOUBLE      |   PMC2  |      0 |
+--------------------------------------+---------+--------+

+----------------------+--------------+
|        Metric        |    Core 8    |
+----------------------+--------------+
|  Runtime (RDTSC) [s] | 6.897656e-07 |
| Runtime unhalted [s] | 4.801662e-06 |
|      Clock [MHz]     |    2582.9007 |
|          CPI         |       2.6835 |
|      DP MFLOP/s      |      69.5889 |
|    AVX DP MFLOP/s    |            0 |
|    Packed MUOPS/s    |            0 |
|    Scalar MUOPS/s    |      69.5889 |
|  Vectorization ratio |            0 |
+----------------------+--------------+

Region GS_3-Diagonal, Group 1: FLOPS_DP
+-------------------+----------+
|    Region Info    |  Core 8  |
+-------------------+----------+
| RDTSC Runtime [s] | 0.000002 |
|     call count    |        1 |
+-------------------+----------+

+--------------------------------------+---------+--------+
|                 Event                | Counter | Core 8 |
+--------------------------------------+---------+--------+
|           INSTR_RETIRED_ANY          |  FIXC0  |   7628 |
|         CPU_CLK_UNHALTED_CORE        |  FIXC1  |  15191 |
|         CPU_CLK_UNHALTED_REF         |  FIXC2  |  15236 |
| FP_COMP_OPS_EXE_SSE_FP_PACKED_DOUBLE |   PMC0  |      0 |
| FP_COMP_OPS_EXE_SSE_FP_SCALAR_DOUBLE |   PMC1  |    229 |
|       SIMD_FP_256_PACKED_DOUBLE      |   PMC2  |      0 |
+--------------------------------------+---------+--------+

+----------------------+--------------+
|        Metric        |    Core 8    |
+----------------------+--------------+
|  Runtime (RDTSC) [s] | 1.914302e-06 |
| Runtime unhalted [s] | 5.856917e-06 |
|      Clock [MHz]     |    2586.0247 |
|          CPI         |       1.9915 |
|      DP MFLOP/s      |     119.6258 |
|    AVX DP MFLOP/s    |            0 |
|    Packed MUOPS/s    |            0 |
|    Scalar MUOPS/s    |     119.6258 |
|  Vectorization ratio |            0 |
+----------------------+--------------+

